<?xml version="1.0" encoding="UTF-8"?>
<testsuite name="algorithm.Test" tests="2" skipped="0" failures="0" errors="0" timestamp="2021-03-13T12:54:59" hostname="DESKTOP-KORILIN" time="0.022">
  <properties/>
  <testcase name="selectionSortTest()" classname="algorithm.Test" time="0.018"/>
  <testcase name="bubbleSortTest()" classname="algorithm.Test" time="0.002"/>
  <system-out><![CDATA[
8 16 18 19 20 28 28 30 38 38 43 51 53 53 67 75 84 89 89 93 
-10 -7 -6 -6 -3 -2 1 1 1 6 

0 5 11 19 22 24 27 31 32 34 37 41 44 48 53 53 61 75 96 100 
-10 -9 -6 -3 0 2 2 5 6 7 
]]></system-out>
  <system-err><![CDATA[]]></system-err>
</testsuite>
